  [1m[35m (6.0ms)[0m  [1m[35mCREATE TABLE "schema_migrations" ("version" varchar NOT NULL PRIMARY KEY)[0m
  [1m[35m (0.3ms)[0m  [1m[35mCREATE TABLE "ar_internal_metadata" ("key" varchar NOT NULL PRIMARY KEY, "value" varchar, "created_at" datetime(6) NOT NULL, "updated_at" datetime(6) NOT NULL)[0m
  [1m[36mActiveRecord::InternalMetadata Load (0.2ms)[0m  [1m[34mSELECT * FROM "ar_internal_metadata" WHERE "ar_internal_metadata"."key" = ? ORDER BY "ar_internal_metadata"."key" ASC LIMIT 1[0m  [[nil, "environment"]]
  [1m[36mActiveRecord::InternalMetadata Create (0.2ms)[0m  [1m[32mINSERT INTO "ar_internal_metadata" ("key", "value", "created_at", "updated_at") VALUES ('environment', 'development', '2026-07-18 00:01:52.782873', '2026-07-18 00:01:52.782877') RETURNING "key"[0m
  [1m[36mActiveRecord::SchemaMigration Load (0.1ms)[0m  [1m[34mSELECT "schema_migrations"."version" FROM "schema_migrations" ORDER BY "schema_migrations"."version" ASC[0m
Migrating to CreatePosts (20260718000127)
  [1m[36mTRANSACTION (0.1ms)[0m  [1m[36mbegin transaction[0m
  [1m[35m (1.8ms)[0m  [1m[35mCREATE TABLE "posts" ("id" integer PRIMARY KEY AUTOINCREMENT NOT NULL, "title" varchar, "body" text, "created_at" datetime(6) NOT NULL, "updated_at" datetime(6) NOT NULL)[0m
  [1m[36mActiveRecord::SchemaMigration Create (0.3ms)[0m  [1m[32mINSERT INTO "schema_migrations" ("version") VALUES ('20260718000127') RETURNING "version"[0m
  [1m[36mTRANSACTION (0.3ms)[0m  [1m[36mcommit transaction[0m
  [1m[36mActiveRecord::SchemaMigration Load (0.1ms)[0m  [1m[34mSELECT "schema_migrations"."version" FROM "schema_migrations" ORDER BY "schema_migrations"."version" ASC[0m
  [1m[36mPost Load (0.7ms)[0m  [1m[34mSELECT "posts".* FROM "posts" /* loading for pp */ LIMIT ?[0m  [["LIMIT", 11]]
  [1m[36mActiveRecord::SchemaMigration Load (0.2ms)[0m  [1m[34mSELECT "schema_migrations"."version" FROM "schema_migrations" ORDER BY "schema_migrations"."version" ASC[0m
  [1m[36mPost Delete All (6.2ms)[0m  [1m[31mDELETE FROM "posts"[0m
  [1m[36mActiveRecord::SchemaMigration Load (0.2ms)[0m  [1m[34mSELECT "schema_migrations"."version" FROM "schema_migrations" ORDER BY "schema_migrations"."version" ASC[0m
  [1m[36mPost Delete All (6.2ms)[0m  [1m[31mDELETE FROM "posts"[0m
  [1m[36mTRANSACTION (0.1ms)[0m  [1m[36mbegin transaction[0m
  [1m[36mPost Create (2.6ms)[0m  [1m[32mINSERT INTO "posts" ("title", "body", "created_at", "updated_at") VALUES (?, ?, ?, ?) RETURNING "id"[0m  [["title", "Illo saepe nihil."], ["body", "Perferendis rerum dolorum. Occaecati tempore itaque. Maxime ratione incidunt."], ["created_at", "2026-07-18 00:09:09.548829"], ["updated_at", "2026-07-18 00:09:09.548829"]]
  [1m[36mTRANSACTION (0.2ms)[0m  [1m[36mcommit transaction[0m
  [1m[36mTRANSACTION (0.1ms)[0m  [1m[36mbegin transaction[0m
  [1m[36mPost Create (2.0ms)[0m  [1m[32mINSERT INTO "posts" ("title", "body", "created_at", "updated_at") VALUES (?, ?, ?, ?) RETURNING "id"[0m  [["title", "Ratione totam beatae."], ["body", "Ea aspernatur rem. Aut quae culpa. At voluptas dolor."], ["created_at", "2026-07-18 00:09:09.556278"], ["updated_at", "2026-07-18 00:09:09.556278"]]
  [1m[36mTRANSACTION (0.1ms)[0m  [1m[36mcommit transaction[0m
  [1m[36mTRANSACTION (0.0ms)[0m  [1m[36mbegin transaction[0m
  [1m[36mPost Create (1.4ms)[0m  [1m[32mINSERT INTO "posts" ("title", "body", "created_at", "updated_at") VALUES (?, ?, ?, ?) RETURNING "id"[0m  [["title", "Enim non libero."], ["body", "Quos vel quod. Repellat eaque non. Libero earum doloremque."], ["created_at", "2026-07-18 00:09:09.561043"], ["updated_at", "2026-07-18 00:09:09.561043"]]
  [1m[36mTRANSACTION (0.1ms)[0m  [1m[36mcommit transaction[0m
  [1m[36mTRANSACTION (0.0ms)[0m  [1m[36mbegin transaction[0m
  [1m[36mPost Create (1.2ms)[0m  [1m[32mINSERT INTO "posts" ("title", "body", "created_at", "updated_at") VALUES (?, ?, ?, ?) RETURNING "id"[0m  [["title", "Rerum eum non."], ["body", "Quasi dolorem enim. Ullam et magni. Saepe expedita suscipit."], ["created_at", "2026-07-18 00:09:09.564826"], ["updated_at", "2026-07-18 00:09:09.564826"]]
  [1m[36mTRANSACTION (0.2ms)[0m  [1m[36mcommit transaction[0m
  [1m[36mTRANSACTION (0.1ms)[0m  [1m[36mbegin transaction[0m
  [1m[36mPost Create (1.2ms)[0m  [1m[32mINSERT INTO "posts" ("title", "body", "created_at", "updated_at") VALUES (?, ?, ?, ?) RETURNING "id"[0m  [["title", "Nobis rerum quia."], ["body", "Quis commodi iusto. Ab odit fuga. Iste mollitia nihil."], ["created_at", "2026-07-18 00:09:09.569110"], ["updated_at", "2026-07-18 00:09:09.569110"]]
  [1m[36mTRANSACTION (0.2ms)[0m  [1m[36mcommit transaction[0m
  [1m[36mTRANSACTION (0.0ms)[0m  [1m[36mbegin transaction[0m
  [1m[36mPost Create (1.1ms)[0m  [1m[32mINSERT INTO "posts" ("title", "body", "created_at", "updated_at") VALUES (?, ?, ?, ?) RETURNING "id"[0m  [["title", "Consectetur distinctio velit."], ["body", "Corrupti et fuga. Eos vel eum. Nihil eius est."], ["created_at", "2026-07-18 00:09:09.573147"], ["updated_at", "2026-07-18 00:09:09.573147"]]
  [1m[36mTRANSACTION (0.1ms)[0m  [1m[36mcommit transaction[0m
  [1m[36mTRANSACTION (0.0ms)[0m  [1m[36mbegin transaction[0m
  [1m[36mPost Create (1.2ms)[0m  [1m[32mINSERT INTO "posts" ("title", "body", "created_at", "updated_at") VALUES (?, ?, ?, ?) RETURNING "id"[0m  [["title", "Voluptatum quidem eum."], ["body", "Voluptatem in illum. Consequatur corrupti omnis. Consequatur rem illo."], ["created_at", "2026-07-18 00:09:09.576967"], ["updated_at", "2026-07-18 00:09:09.576967"]]
  [1m[36mTRANSACTION (0.1ms)[0m  [1m[36mcommit transaction[0m
  [1m[36mTRANSACTION (0.0ms)[0m  [1m[36mbegin transaction[0m
  [1m[36mPost Create (1.3ms)[0m  [1m[32mINSERT INTO "posts" ("title", "body", "created_at", "updated_at") VALUES (?, ?, ?, ?) RETURNING "id"[0m  [["title", "Expedita omnis quaerat."], ["body", "Veritatis voluptatem repellendus. Est nihil placeat. Est qui ex."], ["created_at", "2026-07-18 00:09:09.580878"], ["updated_at", "2026-07-18 00:09:09.580878"]]
  [1m[36mTRANSACTION (0.2ms)[0m  [1m[36mcommit transaction[0m
  [1m[36mTRANSACTION (0.1ms)[0m  [1m[36mbegin transaction[0m
  [1m[36mPost Create (0.9ms)[0m  [1m[32mINSERT INTO "posts" ("title", "body", "created_at", "updated_at") VALUES (?, ?, ?, ?) RETURNING "id"[0m  [["title", "Incidunt soluta eos."], ["body", "Architecto dolore provident. Tempora aut ut. Laborum est dolor."], ["created_at", "2026-07-18 00:09:09.592026"], ["updated_at", "2026-07-18 00:09:09.592026"]]
  [1m[36mTRANSACTION (0.3ms)[0m  [1m[36mcommit transaction[0m
  [1m[36mTRANSACTION (0.1ms)[0m  [1m[36mbegin transaction[0m
  [1m[36mPost Create (1.7ms)[0m  [1m[32mINSERT INTO "posts" ("title", "body", "created_at", "updated_at") VALUES (?, ?, ?, ?) RETURNING "id"[0m  [["title", "Illo in possimus."], ["body", "Ut necessitatibus velit. Repellendus ratione provident. Est ipsum repellendus."], ["created_at", "2026-07-18 00:09:09.595517"], ["updated_at", "2026-07-18 00:09:09.595517"]]
  [1m[36mTRANSACTION (0.2ms)[0m  [1m[36mcommit transaction[0m
  [1m[36mTRANSACTION (0.1ms)[0m  [1m[36mbegin transaction[0m
  [1m[36mPost Create (1.3ms)[0m  [1m[32mINSERT INTO "posts" ("title", "body", "created_at", "updated_at") VALUES (?, ?, ?, ?) RETURNING "id"[0m  [["title", "Facere recusandae et."], ["body", "Fugit inventore officiis. Molestias beatae sapiente. Laudantium veniam dolorum."], ["created_at", "2026-07-18 00:09:09.600993"], ["updated_at", "2026-07-18 00:09:09.600993"]]
  [1m[36mTRANSACTION (0.2ms)[0m  [1m[36mcommit transaction[0m
  [1m[36mTRANSACTION (0.1ms)[0m  [1m[36mbegin transaction[0m
  [1m[36mPost Create (1.7ms)[0m  [1m[32mINSERT INTO "posts" ("title", "body", "created_at", "updated_at") VALUES (?, ?, ?, ?) RETURNING "id"[0m  [["title", "Error delectus reiciendis."], ["body", "Quidem sint error. Id asperiores reiciendis. Omnis est officia."], ["created_at", "2026-07-18 00:09:09.605915"], ["updated_at", "2026-07-18 00:09:09.605915"]]
  [1m[36mTRANSACTION (0.1ms)[0m  [1m[36mcommit transaction[0m
  [1m[36mTRANSACTION (0.1ms)[0m  [1m[36mbegin transaction[0m
  [1m[36mPost Create (1.6ms)[0m  [1m[32mINSERT INTO "posts" ("title", "body", "created_at", "updated_at") VALUES (?, ?, ?, ?) RETURNING "id"[0m  [["title", "Est tempore id."], ["body", "Voluptates assumenda aspernatur. Beatae magni facilis. Facere culpa suscipit."], ["created_at", "2026-07-18 00:09:09.610389"], ["updated_at", "2026-07-18 00:09:09.610389"]]
  [1m[36mTRANSACTION (0.3ms)[0m  [1m[36mcommit transaction[0m
  [1m[36mTRANSACTION (0.1ms)[0m  [1m[36mbegin transaction[0m
  [1m[36mPost Create (2.2ms)[0m  [1m[32mINSERT INTO "posts" ("title", "body", "created_at", "updated_at") VALUES (?, ?, ?, ?) RETURNING "id"[0m  [["title", "Est autem modi."], ["body", "Earum vitae sunt. Aliquid laborum architecto. Sint animi vel."], ["created_at", "2026-07-18 00:09:09.617515"], ["updated_at", "2026-07-18 00:09:09.617515"]]
  [1m[36mTRANSACTION (0.2ms)[0m  [1m[36mcommit transaction[0m
  [1m[36mTRANSACTION (0.1ms)[0m  [1m[36mbegin transaction[0m
  [1m[36mPost Create (1.7ms)[0m  [1m[32mINSERT INTO "posts" ("title", "body", "created_at", "updated_at") VALUES (?, ?, ?, ?) RETURNING "id"[0m  [["title", "Nihil exercitationem illo."], ["body", "Ut iusto qui. Occaecati molestiae quis. Sunt quis enim."], ["created_at", "2026-07-18 00:09:09.623379"], ["updated_at", "2026-07-18 00:09:09.623379"]]
  [1m[36mTRANSACTION (0.1ms)[0m  [1m[36mcommit transaction[0m
  [1m[36mTRANSACTION (0.0ms)[0m  [1m[36mbegin transaction[0m
  [1m[36mPost Create (0.9ms)[0m  [1m[32mINSERT INTO "posts" ("title", "body", "created_at", "updated_at") VALUES (?, ?, ?, ?) RETURNING "id"[0m  [["title", "Nam sit est."], ["body", "Laudantium enim corporis. Explicabo dolorem modi. Autem et omnis."], ["created_at", "2026-07-18 00:09:09.627640"], ["updated_at", "2026-07-18 00:09:09.627640"]]
  [1m[36mTRANSACTION (0.1ms)[0m  [1m[36mcommit transaction[0m
  [1m[36mTRANSACTION (0.1ms)[0m  [1m[36mbegin transaction[0m
  [1m[36mPost Create (1.0ms)[0m  [1m[32mINSERT INTO "posts" ("title", "body", "created_at", "updated_at") VALUES (?, ?, ?, ?) RETURNING "id"[0m  [["title", "Veniam ducimus est."], ["body", "Ab qui ea. Eligendi nulla soluta. Quia unde nam."], ["created_at", "2026-07-18 00:09:09.631158"], ["updated_at", "2026-07-18 00:09:09.631158"]]
  [1m[36mTRANSACTION (0.2ms)[0m  [1m[36mcommit transaction[0m
  [1m[36mTRANSACTION (0.1ms)[0m  [1m[36mbegin transaction[0m
  [1m[36mPost Create (1.6ms)[0m  [1m[32mINSERT INTO "posts" ("title", "body", "created_at", "updated_at") VALUES (?, ?, ?, ?) RETURNING "id"[0m  [["title", "Quo aut eius."], ["body", "Ipsam repudiandae eos. Aut veritatis pariatur. Qui accusamus sunt."], ["created_at", "2026-07-18 00:09:09.635128"], ["updated_at", "2026-07-18 00:09:09.635128"]]
  [1m[36mTRANSACTION (0.3ms)[0m  [1m[36mcommit transaction[0m
  [1m[36mTRANSACTION (0.1ms)[0m  [1m[36mbegin transaction[0m
  [1m[36mPost Create (1.5ms)[0m  [1m[32mINSERT INTO "posts" ("title", "body", "created_at", "updated_at") VALUES (?, ?, ?, ?) RETURNING "id"[0m  [["title", "Magnam cumque pariatur."], ["body", "Asperiores ea reiciendis. Et occaecati aut. Mollitia quis soluta."], ["created_at", "2026-07-18 00:09:09.640658"], ["updated_at", "2026-07-18 00:09:09.640658"]]
  [1m[36mTRANSACTION (0.2ms)[0m  [1m[36mcommit transaction[0m
  [1m[36mTRANSACTION (0.1ms)[0m  [1m[36mbegin transaction[0m
  [1m[36mPost Create (1.6ms)[0m  [1m[32mINSERT INTO "posts" ("title", "body", "created_at", "updated_at") VALUES (?, ?, ?, ?) RETURNING "id"[0m  [["title", "Maxime consectetur fuga."], ["body", "Sequi quaerat illo. Sint quod fugit. Laboriosam vero et."], ["created_at", "2026-07-18 00:09:09.645550"], ["updated_at", "2026-07-18 00:09:09.645550"]]
  [1m[36mTRANSACTION (0.3ms)[0m  [1m[36mcommit transaction[0m
  [1m[36mPost Load (0.3ms)[0m  [1m[34mSELECT "posts".* FROM "posts" /* loading for pp */ LIMIT ?[0m  [["LIMIT", 11]]
  [1m[36mPost Load (1.0ms)[0m  [1m[34mSELECT "posts".* FROM "posts" /* loading for pp */ ORDER BY "posts"."created_at" DESC LIMIT ?[0m  [["LIMIT", 11]]
Started GET "/" for ::1 at 2026-07-17 19:21:19 -0600
  [1m[36mActiveRecord::SchemaMigration Load (0.1ms)[0m  [1m[34mSELECT "schema_migrations"."version" FROM "schema_migrations" ORDER BY "schema_migrations"."version" ASC[0m
Processing by Rails::WelcomeController#index as HTML
  Rendering /home/techrules4ever/.local/share/mise/installs/ruby/3.3.11/lib/ruby/gems/3.3.0/gems/railties-7.1.6/lib/rails/templates/rails/welcome/index.html.erb
  Rendered /home/techrules4ever/.local/share/mise/installs/ruby/3.3.11/lib/ruby/gems/3.3.0/gems/railties-7.1.6/lib/rails/templates/rails/welcome/index.html.erb (Duration: 1.1ms | Allocations: 367)
Completed 200 OK in 468ms (Views: 12.3ms | ActiveRecord: 0.0ms | Allocations: 167406)


Started GET "/posts" for ::1 at 2026-07-17 19:21:26 -0600
Processing by PostsController#index as HTML
  [1m[36mPost Load (1.4ms)[0m  [1m[34mSELECT "posts".* FROM "posts" ORDER BY "posts"."created_at" DESC[0m
  ↳ app/controllers/posts_controller.rb:10:in `index'
Completed 200 OK in 60ms (Views: 27.6ms | ActiveRecord: 6.5ms | Allocations: 13550)


Started GET "/favicon.ico" for ::1 at 2026-07-17 19:21:27 -0600
  
ActionController::RoutingError (No route matches [GET] "/favicon.ico"):
  
Started GET "/posts" for ::1 at 2026-07-17 19:23:40 -0600
Processing by PostsController#index as HTML
  [1m[36mPost Load (0.3ms)[0m  [1m[34mSELECT "posts".* FROM "posts" ORDER BY "posts"."created_at" DESC[0m
  ↳ app/controllers/posts_controller.rb:10:in `index'
Completed 200 OK in 4ms (Views: 2.9ms | ActiveRecord: 0.3ms | Allocations: 1783)


Started GET "/posts" for ::1 at 2026-07-17 19:29:55 -0600
  [1m[36mActiveRecord::SchemaMigration Load (0.1ms)[0m  [1m[34mSELECT "schema_migrations"."version" FROM "schema_migrations" ORDER BY "schema_migrations"."version" ASC[0m
  
ActionController::RoutingError (No route matches [GET] "/posts"):
  
Started GET "/posts" for ::1 at 2026-07-17 19:30:22 -0600
  
ActionController::RoutingError (No route matches [GET] "/posts"):
  
Started GET "/posts" for ::1 at 2026-07-17 19:30:58 -0600
  
ActionController::RoutingError (No route matches [GET] "/posts"):
  
Started GET "/posts" for ::1 at 2026-07-17 19:31:01 -0600
  
ActionController::RoutingError (No route matches [GET] "/posts"):
  
Started GET "/api/v1/posts" for ::1 at 2026-07-17 19:32:06 -0600
Processing by Api::V1::PostsController#index as HTML
  [1m[36mPost Load (1.0ms)[0m  [1m[34mSELECT "posts".* FROM "posts" ORDER BY "posts"."created_at" DESC[0m
  ↳ app/controllers/api/v1/posts_controller.rb:10:in `index'
Completed 200 OK in 65ms (Views: 26.4ms | ActiveRecord: 7.0ms | Allocations: 13595)


